--------- beginning of crash
03-05 21:58:34.778  3554  3554 E AndroidRuntime: FATAL EXCEPTION: main
03-05 21:58:34.778  3554  3554 E AndroidRuntime: Process: com.omniagent.app, PID: 3554
03-05 21:58:34.778  3554  3554 E AndroidRuntime: java.lang.NoSuchMethodError: No virtual method at(Ljava/lang/Object;I)Landroidx/compose/animation/core/KeyframesSpec$KeyframeEntity; in class Landroidx/compose/animation/core/KeyframesSpec$KeyframesSpecConfig; or its super classes (declaration of 'androidx.compose.animation.core.KeyframesSpec$KeyframesSpecConfig' appears in /data/app/~~cVDItnsrz9DUJc4-W1gTfw==/com.omniagent.app-jvkMum6JxluLv0FbT7n3Cg==/base.apk)
03-05 21:58:34.778  3554  3554 E AndroidRuntime: 	at androidx.compose.material3.ProgressIndicatorKt$CircularProgressIndicator$endAngle$1.invoke(ProgressIndicator.kt:371)
03-05 21:58:34.778  3554  3554 E AndroidRuntime: 	at androidx.compose.material3.ProgressIndicatorKt$CircularProgressIndicator$endAngle$1.invoke(ProgressIndicator.kt:369)
03-05 21:58:34.778  3554  3554 E AndroidRuntime: 	at androidx.compose.animation.core.AnimationSpecKt.keyframes(AnimationSpec.kt:649)
03-05 21:58:34.778  3554  3554 E AndroidRuntime: 	at androidx.compose.material3.ProgressIndicatorKt.CircularProgressIndicator-LxG7B9w(ProgressIndicator.kt:369)
03-05 21:58:34.778  3554  3554 E AndroidRuntime: 	at com.omniagent.app.ui.common.DashboardComponentsKt$CommandInputPanel$1$1$3.invoke(DashboardComponents.kt:146)
03-05 21:58:34.778  3554  3554 E AndroidRuntime: 	at com.omniagent.app.ui.common.DashboardComponentsKt$CommandInputPanel$1$1$3.invoke(DashboardComponents.kt:144)
03-05 21:58:34.778  3554  3554 E AndroidRuntime: 	at androidx.compose.runtime.internal.ComposableLambdaImpl.invoke(ComposableLambda.jvm.kt:109)
03-05 21:58:34.778  3554  3554 E AndroidRuntime: 	at androidx.compose.runtime.internal.ComposableLambdaImpl.invoke(ComposableLambda.jvm.kt:35)
03-05 21:58:34.778  3554  3554 E AndroidRuntime: 	at androidx.compose.runtime.CompositionLocalKt.CompositionLocalProvider(CompositionLocal.kt:228)
03-05 21:58:34.778  3554  3554 E AndroidRuntime: 	at androidx.compose.material3.IconButtonKt.IconButton(IconButton.kt:101)
03-05 21:58:34.778  3554  3554 E AndroidRuntime: 	at com.omniagent.app.ui.common.DashboardComponentsKt.CommandInputPanel(DashboardComponents.kt:133)
03-05 21:58:34.778  3554  3554 E AndroidRuntime: 	at com.omniagent.app.ui.features.dashboard.DashboardScreenKt.DashboardScreen(DashboardScreen.kt:71)
03-05 21:58:34.778  3554  3554 E AndroidRuntime: 	at com.omniagent.app.MainActivity$onCreate$1$1.invoke(MainActivity.kt:64)
03-05 21:58:34.778  3554  3554 E AndroidRuntime: 	at com.omniagent.app.MainActivity$onCreate$1$1.invoke(MainActivity.kt:32)
03-05 21:58:34.778  3554  3554 E AndroidRuntime: 	at androidx.compose.runtime.internal.ComposableLambdaImpl.invoke(ComposableLambda.jvm.kt:109)
03-05 21:58:34.778  3554  3554 E AndroidRuntime: 	at androidx.compose.runtime.internal.ComposableLambdaImpl.invoke(ComposableLambda.jvm.kt:35)
03-05 21:58:34.778  3554  3554 E AndroidRuntime: 	at androidx.compose.runtime.RecomposeScopeImpl.compose(RecomposeScopeImpl.kt:192)
03-05 21:58:34.778  3554  3554 E AndroidRuntime: 	at androidx.compose.runtime.ComposerImpl.recomposeToGroupEnd(Composer.kt:2556)
03-05 21:58:34.778  3554  3554 E AndroidRuntime: 	at androidx.compose.runtime.ComposerImpl.skipCurrentGroup(Composer.kt:2827)
03-05 21:58:34.778  3554  3554 E AndroidRuntime: 	at androidx.compose.runtime.ComposerImpl.doCompose(Composer.kt:3314)
03-05 21:58:34.778  3554  3554 E AndroidRuntime: 	at androidx.compose.runtime.ComposerImpl.recompose$runtime_release(Composer.kt:3265)
03-05 21:58:34.778  3554  3554 E AndroidRuntime: 	at androidx.compose.runtime.CompositionImpl.recompose(Composition.kt:938)
03-05 21:58:34.778  3554  3554 E AndroidRuntime: 	at androidx.compose.runtime.Recomposer.performRecompose(Recomposer.kt:1155)
03-05 21:58:34.778  3554  3554 E AndroidRuntime: 	at androidx.compose.runtime.Recomposer.access$performRecompose(Recomposer.kt:127)
03-05 21:58:34.778  3554  3554 E AndroidRuntime: 	at androidx.compose.runtime.Recomposer$runRecomposeAndApplyChanges$2$1.invoke(Recomposer.kt:583)
03-05 21:58:34.778  3554  3554 E AndroidRuntime: 	at androidx.compose.runtime.Recomposer$runRecomposeAndApplyChanges$2$1.invoke(Recomposer.kt:551)
03-05 21:58:34.778  3554  3554 E AndroidRuntime: 	at androidx.compose.ui.platform.AndroidUiFrameClock$withFrameNanos$2$callback$1.doFrame(AndroidUiFrameClock.android.kt:41)
03-05 21:58:34.778  3554  3554 E AndroidRuntime: 	at androidx.compose.ui.platform.AndroidUiDispatcher.performFrameDispatch(AndroidUiDispatcher.android.kt:109)
03-05 21:58:34.778  3554  3554 E AndroidRuntime: 	at androidx.compose.ui.platform.AndroidUiDispatcher.access$performFrameDispatch(AndroidUiDispatcher.android.kt:41)
03-05 21:58:34.778  3554  3554 E AndroidRuntime: 	at androidx.compose.ui.platform.AndroidUiDispatcher$dispatchCallback$1.doFrame(AndroidUiDispatcher.android.kt:69)
03-05 21:58:34.778  3554  3554 E AndroidRuntime: 	at android.view.Choreographer$CallbackRecord.run(Choreographer.java:1628)
03-05 21:58:34.778  3554  3554 E AndroidRuntime: 	at android.view.Choreographer$CallbackRecord.run(Choreographer.java:1639)
03-05 21:58:34.778  3554  3554 E AndroidRuntime: 	at android.view.Choreographer.doCallbacks(Choreographer.java:1235)
03-05 21:58:34.778  3554  3554 E AndroidRuntime: 	at android.view.Choreographer.doFrame(Choreographer.java:1160)
03-05 21:58:34.778  3554  3554 E AndroidRuntime: 	at android.view.Choreographer$FrameDisplayEventReceiver.run(Choreographer.java:1613)
03-05 21:58:34.778  3554  3554 E AndroidRuntime: 	at android.os.Handler.handleCallback(Handler.java:1070)
03-05 21:58:34.778  3554  3554 E AndroidRuntime: 	at android.os.Handler.dispatchMessage(Handler.java:125)
03-05 21:58:34.778  3554  3554 E AndroidRuntime: 	at android.os.Looper.dispatchMessage(Looper.java:333)
03-05 21:58:34.778  3554  3554 E AndroidRuntime: 	at android.os.Looper.loopOnce(Looper.java:263)
03-05 21:58:34.778  3554  3554 E AndroidRuntime: 	at android.os.Looper.loop(Looper.java:367)
03-05 21:58:34.781  3554  3554 E AndroidRuntime: 	at android.app.ActivityThread.main(ActivityThread.java:9287)
03-05 21:58:34.781  3554  3554 E AndroidRuntime: 	at java.lang.reflect.Method.invoke(Native Method)
03-05 21:58:34.781  3554  3554 E AndroidRuntime: 	at com.android.internal.os.RuntimeInit$MethodAndArgsCaller.run(RuntimeInit.java:566)
03-05 21:58:34.781  3554  3554 E AndroidRuntime: 	at com.android.internal.os.ZygoteInit.main(ZygoteInit.java:929)
03-05 21:58:34.781  3554  3554 E AndroidRuntime: 	Suppressed: kotlinx.coroutines.internal.DiagnosticCoroutineContextException: [androidx.compose.runtime.PausableMonotonicFrameClock@bcd953, androidx.compose.ui.platform.MotionDurationScaleImpl@3d20290, StandaloneCoroutine{Cancelling}@8932789, AndroidUiDispatcher@9a9c38e]
03-05 23:07:17.829  1245  1452 F libc    : Fatal signal 6 (SIGABRT), code -1 (SI_QUEUE) in tid 1452 (gd_stack_thread), pid 1245 (droid.bluetooth)
03-05 23:07:28.405  6689  6689 F DEBUG   : *** *** *** *** *** *** *** *** *** *** *** *** *** *** *** ***
03-05 23:07:28.405  6689  6689 F DEBUG   : Build fingerprint: 'google/sdk_gphone64_x86_64/emu64xa:16/BE4B.251210.005/14574095:user/release-keys'
03-05 23:07:28.405  6689  6689 F DEBUG   : Kernel Release: '6.12.38-android16-5-gbb9513914902-ab13996879'
03-05 23:07:28.405  6689  6689 F DEBUG   : Revision: '0'
03-05 23:07:28.405  6689  6689 F DEBUG   : ABI: 'x86_64'
03-05 23:07:28.405  6689  6689 F DEBUG   : Timestamp: 2026-03-05 23:07:19.749992966+0530
03-05 23:07:28.405  6689  6689 F DEBUG   : Process uptime: 0s
03-05 23:07:28.405  6689  6689 F DEBUG   : Executable: /system/bin/app_process64
03-05 23:07:28.405  6689  6689 F DEBUG   : Cmdline: com.google.android.bluetooth
03-05 23:07:28.405  6689  6689 F DEBUG   : pid: 1245, tid: 1452, name: gd_stack_thread  >>> com.google.android.bluetooth <<<
03-05 23:07:28.405  6689  6689 F DEBUG   : uid: 1002
03-05 23:07:28.405  6689  6689 F DEBUG   : signal 6 (SIGABRT), code -1 (SI_QUEUE), fault addr --------
03-05 23:07:28.406  6689  6689 F DEBUG   : Abort message: 'system/gd/hci/hci_layer.cc:96 abort_after_time_out: Done waiting for debug information after HCI timeout (LE_SET_EXTENDED_SCAN_ENABLE(0x2042)) for 5000ms'
03-05 23:07:28.406  6689  6689 F DEBUG   :     rax 0000000000000000  rbx 00000000000004dd  rcx 00007c29768e2ce4  rdx 0000000000000006
03-05 23:07:28.406  6689  6689 F DEBUG   :     r8  00007c262ccf9730  r9  00007c262ccf9730  r10 00007c262ccf96f0  r11 0000000000000203
03-05 23:07:28.406  6689  6689 F DEBUG   :     r12 00007c27d0c0fc40  r13 00007c262e3af20a  r14 00000000000005ac  r15 00007c26bd409e00
03-05 23:07:28.406  6689  6689 F DEBUG   :     rdi 00000000000004dd  rsi 00000000000005ac
03-05 23:07:28.406  6689  6689 F DEBUG   :     rbp 00007c262ccf9790  rsp 00007c262ccf96f0  rip 00007c29768e2ce4  err 0000000000000004
03-05 23:07:28.406  6689  6689 F DEBUG   : 12 total frames
03-05 23:07:28.406  6689  6689 F DEBUG   : backtrace:
03-05 23:07:28.406  6689  6689 F DEBUG   :       #00 pc 000000000006fce4  /apex/com.android.runtime/lib64/bionic/libc.so (abort+196) (BuildId: 3f8afd2a8485f380e843af6d787a9af4)
03-05 23:07:28.406  6689  6689 F DEBUG   :       #01 pc 00000000008c61ae  /apex/com.android.art/lib64/libart.so (art::Runtime::Abort(char const*)+1614) (BuildId: 443d8619760adcc9570ec4eb148f8292)
03-05 23:07:28.406  6689  6689 F DEBUG   :       #02 pc 00000000000167fe  /apex/com.android.art/lib64/libbase.so (android::base::SetAborter(std::__1::function<void (char const*)>&&)::$_0::__invoke(char const*)+62) (BuildId: 2e4622e488810f1c2a1ab8c30d10a71a)
03-05 23:07:28.406  6689  6689 F DEBUG   :       #03 pc 0000000000e3095d  /apex/com.android.bt/lib64/libbluetooth_jni.so (bluetooth::log_internal::vlog(bluetooth::log_internal::Level, char const*, bluetooth::log_internal::source_location, std::__1::basic_string_view<char, std::__1::char_traits<char>>, std::__1::basic_format_args<std::__1::basic_format_context<std::__1::back_insert_iterator<std::__1::__format::__output_buffer<char>>, char>>)+925) (BuildId: 126c065423e2ff924675fff9c1d10f0f)
03-05 23:07:28.406  6689  6689 F DEBUG   :       #04 pc 0000000000b9f67a  /apex/com.android.bt/lib64/libbluetooth_jni.so (void bluetooth::log::fatal<std::__1::basic_string<char, std::__1::char_traits<char>, std::__1::allocator<char>>, long long>(std::__1::basic_format_string<char, std::__1::type_identity<std::__1::basic_string<char, std::__1::char_traits<char>, std::__1::allocator<char>>>::type, std::__1::type_identity<long long>::type>, std::__1::basic_string<char, std::__1::char_traits<char>, std::__1::allocator<char>>&&, long long&&, bluetooth::log_internal::source_location)+106) (BuildId: 126c065423e2ff924675fff9c1d10f0f)
03-05 23:07:28.406  6689  6689 F DEBUG   :       #05 pc 0000000000b9d1ab  /apex/com.android.bt/lib64/libbluetooth_jni.so (bluetooth::hci::abort_after_time_out(bluetooth::hci::OpCode)+91) (BuildId: 126c065423e2ff924675fff9c1d10f0f)
03-05 23:07:28.406  6689  6689 F DEBUG   :       #06 pc 0000000000a65241  /apex/com.android.bt/lib64/libbluetooth_jni.so (bluetooth::os::Alarm::on_fire()+641) (BuildId: 126c065423e2ff924675fff9c1d10f0f)
03-05 23:07:28.406  6689  6689 F DEBUG   :       #07 pc 0000000000a662bb  /apex/com.android.bt/lib64/libbluetooth_jni.so (bluetooth::os::Reactor::Run()+1051) (BuildId: 126c065423e2ff924675fff9c1d10f0f)
03-05 23:07:28.406  6689  6689 F DEBUG   :       #08 pc 0000000000a66ff9  /apex/com.android.bt/lib64/libbluetooth_jni.so (bluetooth::os::Thread::run(bluetooth::os::Thread::Priority)+329) (BuildId: 126c065423e2ff924675fff9c1d10f0f)
03-05 23:07:28.406  6689  6689 F DEBUG   :       #09 pc 0000000000a6719c  /apex/com.android.bt/lib64/libbluetooth_jni.so (void* std::__1::__thread_proxy[abi:nn210000]<std::__1::tuple<std::__1::unique_ptr<std::__1::__thread_struct, std::__1::default_delete<std::__1::__thread_struct>>, void (bluetooth::os::Thread::*)(bluetooth::os::Thread::Priority), bluetooth::os::Thread*, bluetooth::os::Thread::Priority>>(void*)+60) (BuildId: 126c065423e2ff924675fff9c1d10f0f)
03-05 23:07:28.406  6689  6689 F DEBUG   :       #10 pc 0000000000080daf  /apex/com.android.runtime/lib64/bionic/libc.so (__pthread_start(void*) (.__uniq.67847048707805468364044055584648682506)+63) (BuildId: 3f8afd2a8485f380e843af6d787a9af4)
03-05 23:07:28.406  6689  6689 F DEBUG   :       #11 pc 00000000000734fd  /apex/com.android.runtime/lib64/bionic/libc.so (__start_thread+61) (BuildId: 3f8afd2a8485f380e843af6d787a9af4)
03-05 23:07:48.603  4733  4801 E AndroidRuntime: FATAL EXCEPTION: GoogleApiHandler
03-05 23:07:48.603  4733  4801 E AndroidRuntime: Process: com.android.vending, PID: 4733
03-05 23:07:48.603  4733  4801 E AndroidRuntime: DeadSystemException: The system died; earlier logs will point to the root cause
03-05 23:07:49.117  6814  6814 E AndroidRuntime: FATAL EXCEPTION: main
03-05 23:07:49.117  6814  6814 E AndroidRuntime: Process: com.google.android.bluetooth, PID: 6814
03-05 23:07:49.117  6814  6814 E AndroidRuntime: DeadSystemException: The system died; earlier logs will point to the root cause
03-05 23:07:49.124  1283  1283 E AndroidRuntime: FATAL EXCEPTION: main
03-05 23:07:49.124  1283  1283 E AndroidRuntime: Process: com.android.phone, PID: 1283
03-05 23:07:49.124  1283  1283 E AndroidRuntime: DeadSystemException: The system died; earlier logs will point to the root cause
03-05 23:07:49.185  6892  7004 E AndroidRuntime: FATAL EXCEPTION: FlagRegistrar
03-05 23:07:49.185  6892  7004 E AndroidRuntime: Process: com.google.android.gms.ui, PID: 6892
03-05 23:07:49.185  6892  7004 E AndroidRuntime: DeadSystemException: The system died; earlier logs will point to the root cause
03-05 23:08:45.085  8957  8957 E AndroidRuntime: FATAL EXCEPTION: main
03-05 23:08:45.085  8957  8957 E AndroidRuntime: Process: com.omniagent.app, PID: 8957
03-05 23:08:45.085  8957  8957 E AndroidRuntime: java.lang.NoSuchMethodError: No virtual method at(Ljava/lang/Object;I)Landroidx/compose/animation/core/KeyframesSpec$KeyframeEntity; in class Landroidx/compose/animation/core/KeyframesSpec$KeyframesSpecConfig; or its super classes (declaration of 'androidx.compose.animation.core.KeyframesSpec$KeyframesSpecConfig' appears in /data/app/~~cVDItnsrz9DUJc4-W1gTfw==/com.omniagent.app-jvkMum6JxluLv0FbT7n3Cg==/base.apk)
03-05 23:08:45.085  8957  8957 E AndroidRuntime: 	at androidx.compose.material3.ProgressIndicatorKt$CircularProgressIndicator$endAngle$1.invoke(ProgressIndicator.kt:371)
03-05 23:08:45.085  8957  8957 E AndroidRuntime: 	at androidx.compose.material3.ProgressIndicatorKt$CircularProgressIndicator$endAngle$1.invoke(ProgressIndicator.kt:369)
03-05 23:08:45.085  8957  8957 E AndroidRuntime: 	at androidx.compose.animation.core.AnimationSpecKt.keyframes(AnimationSpec.kt:649)
03-05 23:08:45.085  8957  8957 E AndroidRuntime: 	at androidx.compose.material3.ProgressIndicatorKt.CircularProgressIndicator-LxG7B9w(ProgressIndicator.kt:369)
03-05 23:08:45.085  8957  8957 E AndroidRuntime: 	at com.omniagent.app.ui.common.DashboardComponentsKt$CommandInputPanel$1$1$3.invoke(DashboardComponents.kt:146)
03-05 23:08:45.085  8957  8957 E AndroidRuntime: 	at com.omniagent.app.ui.common.DashboardComponentsKt$CommandInputPanel$1$1$3.invoke(DashboardComponents.kt:144)
03-05 23:08:45.085  8957  8957 E AndroidRuntime: 	at androidx.compose.runtime.internal.ComposableLambdaImpl.invoke(ComposableLambda.jvm.kt:109)
03-05 23:08:45.085  8957  8957 E AndroidRuntime: 	at androidx.compose.runtime.internal.ComposableLambdaImpl.invoke(ComposableLambda.jvm.kt:35)
03-05 23:08:45.085  8957  8957 E AndroidRuntime: 	at androidx.compose.runtime.CompositionLocalKt.CompositionLocalProvider(CompositionLocal.kt:228)
03-05 23:08:45.085  8957  8957 E AndroidRuntime: 	at androidx.compose.material3.IconButtonKt.IconButton(IconButton.kt:101)
03-05 23:08:45.085  8957  8957 E AndroidRuntime: 	at com.omniagent.app.ui.common.DashboardComponentsKt.CommandInputPanel(DashboardComponents.kt:133)
03-05 23:08:45.085  8957  8957 E AndroidRuntime: 	at com.omniagent.app.ui.features.dashboard.DashboardScreenKt.DashboardScreen(DashboardScreen.kt:71)
03-05 23:08:45.085  8957  8957 E AndroidRuntime: 	at com.omniagent.app.MainActivity$onCreate$1$1.invoke(MainActivity.kt:64)
03-05 23:08:45.085  8957  8957 E AndroidRuntime: 	at com.omniagent.app.MainActivity$onCreate$1$1.invoke(MainActivity.kt:32)
03-05 23:08:45.085  8957  8957 E AndroidRuntime: 	at androidx.compose.runtime.internal.ComposableLambdaImpl.invoke(ComposableLambda.jvm.kt:109)
03-05 23:08:45.085  8957  8957 E AndroidRuntime: 	at androidx.compose.runtime.internal.ComposableLambdaImpl.invoke(ComposableLambda.jvm.kt:35)
03-05 23:08:45.085  8957  8957 E AndroidRuntime: 	at androidx.compose.runtime.RecomposeScopeImpl.compose(RecomposeScopeImpl.kt:192)
03-05 23:08:45.085  8957  8957 E AndroidRuntime: 	at androidx.compose.runtime.ComposerImpl.recomposeToGroupEnd(Composer.kt:2556)
03-05 23:08:45.085  8957  8957 E AndroidRuntime: 	at androidx.compose.runtime.ComposerImpl.skipCurrentGroup(Composer.kt:2827)
03-05 23:08:45.085  8957  8957 E AndroidRuntime: 	at androidx.compose.runtime.ComposerImpl.doCompose(Composer.kt:3314)
03-05 23:08:45.085  8957  8957 E AndroidRuntime: 	at androidx.compose.runtime.ComposerImpl.recompose$runtime_release(Composer.kt:3265)
03-05 23:08:45.085  8957  8957 E AndroidRuntime: 	at androidx.compose.runtime.CompositionImpl.recompose(Composition.kt:938)
03-05 23:08:45.085  8957  8957 E AndroidRuntime: 	at androidx.compose.runtime.Recomposer.performRecompose(Recomposer.kt:1155)
03-05 23:08:45.085  8957  8957 E AndroidRuntime: 	at androidx.compose.runtime.Recomposer.access$performRecompose(Recomposer.kt:127)
03-05 23:08:45.085  8957  8957 E AndroidRuntime: 	at androidx.compose.runtime.Recomposer$runRecomposeAndApplyChanges$2$1.invoke(Recomposer.kt:583)
03-05 23:08:45.085  8957  8957 E AndroidRuntime: 	at androidx.compose.runtime.Recomposer$runRecomposeAndApplyChanges$2$1.invoke(Recomposer.kt:551)
03-05 23:08:45.085  8957  8957 E AndroidRuntime: 	at androidx.compose.ui.platform.AndroidUiFrameClock$withFrameNanos$2$callback$1.doFrame(AndroidUiFrameClock.android.kt:41)
03-05 23:08:45.085  8957  8957 E AndroidRuntime: 	at androidx.compose.ui.platform.AndroidUiDispatcher.performFrameDispatch(AndroidUiDispatcher.android.kt:109)
03-05 23:08:45.085  8957  8957 E AndroidRuntime: 	at androidx.compose.ui.platform.AndroidUiDispatcher.access$performFrameDispatch(AndroidUiDispatcher.android.kt:41)
03-05 23:08:45.085  8957  8957 E AndroidRuntime: 	at androidx.compose.ui.platform.AndroidUiDispatcher$dispatchCallback$1.doFrame(AndroidUiDispatcher.android.kt:69)
03-05 23:08:45.085  8957  8957 E AndroidRuntime: 	at android.view.Choreographer$CallbackRecord.run(Choreographer.java:1628)
03-05 23:08:45.085  8957  8957 E AndroidRuntime: 	at android.view.Choreographer$CallbackRecord.run(Choreographer.java:1639)
03-05 23:08:45.085  8957  8957 E AndroidRuntime: 	at android.view.Choreographer.doCallbacks(Choreographer.java:1235)
03-05 23:08:45.085  8957  8957 E AndroidRuntime: 	at android.view.Choreographer.doFrame(Choreographer.java:1160)
03-05 23:08:45.085  8957  8957 E AndroidRuntime: 	at android.view.Choreographer$FrameDisplayEventReceiver.run(Choreographer.java:1613)
03-05 23:08:45.085  8957  8957 E AndroidRuntime: 	at android.os.Handler.handleCallback(Handler.java:1070)
03-05 23:08:45.085  8957  8957 E AndroidRuntime: 	at android.os.Handler.dispatchMessage(Handler.java:125)
03-05 23:08:45.085  8957  8957 E AndroidRuntime: 	at android.os.Looper.dispatchMessage(Looper.java:333)
03-05 23:08:45.085  8957  8957 E AndroidRuntime: 	at android.os.Looper.loopOnce(Looper.java:263)
03-05 23:08:45.085  8957  8957 E AndroidRuntime: 	at android.os.Looper.loop(Looper.java:367)
03-05 23:08:45.087  8957  8957 E AndroidRuntime: 	at android.app.ActivityThread.main(ActivityThread.java:9287)
03-05 23:08:45.087  8957  8957 E AndroidRuntime: 	at java.lang.reflect.Method.invoke(Native Method)
03-05 23:08:45.087  8957  8957 E AndroidRuntime: 	at com.android.internal.os.RuntimeInit$MethodAndArgsCaller.run(RuntimeInit.java:566)
03-05 23:08:45.087  8957  8957 E AndroidRuntime: 	at com.android.internal.os.ZygoteInit.main(ZygoteInit.java:929)
03-05 23:08:45.087  8957  8957 E AndroidRuntime: 	Suppressed: kotlinx.coroutines.internal.DiagnosticCoroutineContextException: [androidx.compose.runtime.PausableMonotonicFrameClock@c953160, androidx.compose.ui.platform.MotionDurationScaleImpl@d17619, StandaloneCoroutine{Cancelling}@b8116de, AndroidUiDispatcher@8a290bf]
03-05 23:09:05.334 10016 10016 E AndroidRuntime: FATAL EXCEPTION: main
03-05 23:09:05.334 10016 10016 E AndroidRuntime: Process: com.omniagent.app, PID: 10016
03-05 23:09:05.334 10016 10016 E AndroidRuntime: java.lang.NoSuchMethodError: No virtual method at(Ljava/lang/Object;I)Landroidx/compose/animation/core/KeyframesSpec$KeyframeEntity; in class Landroidx/compose/animation/core/KeyframesSpec$KeyframesSpecConfig; or its super classes (declaration of 'androidx.compose.animation.core.KeyframesSpec$KeyframesSpecConfig' appears in /data/app/~~cVDItnsrz9DUJc4-W1gTfw==/com.omniagent.app-jvkMum6JxluLv0FbT7n3Cg==/base.apk)
03-05 23:09:05.334 10016 10016 E AndroidRuntime: 	at androidx.compose.material3.ProgressIndicatorKt$CircularProgressIndicator$endAngle$1.invoke(ProgressIndicator.kt:371)
03-05 23:09:05.334 10016 10016 E AndroidRuntime: 	at androidx.compose.material3.ProgressIndicatorKt$CircularProgressIndicator$endAngle$1.invoke(ProgressIndicator.kt:369)
03-05 23:09:05.334 10016 10016 E AndroidRuntime: 	at androidx.compose.animation.core.AnimationSpecKt.keyframes(AnimationSpec.kt:649)
03-05 23:09:05.334 10016 10016 E AndroidRuntime: 	at androidx.compose.material3.ProgressIndicatorKt.CircularProgressIndicator-LxG7B9w(ProgressIndicator.kt:369)
03-05 23:09:05.334 10016 10016 E AndroidRuntime: 	at com.omniagent.app.ui.common.DashboardComponentsKt$CommandInputPanel$1$1$3.invoke(DashboardComponents.kt:146)
03-05 23:09:05.334 10016 10016 E AndroidRuntime: 	at com.omniagent.app.ui.common.DashboardComponentsKt$CommandInputPanel$1$1$3.invoke(DashboardComponents.kt:144)
03-05 23:09:05.334 10016 10016 E AndroidRuntime: 	at androidx.compose.runtime.internal.ComposableLambdaImpl.invoke(ComposableLambda.jvm.kt:109)
03-05 23:09:05.334 10016 10016 E AndroidRuntime: 	at androidx.compose.runtime.internal.ComposableLambdaImpl.invoke(ComposableLambda.jvm.kt:35)
03-05 23:09:05.334 10016 10016 E AndroidRuntime: 	at androidx.compose.runtime.CompositionLocalKt.CompositionLocalProvider(CompositionLocal.kt:228)
03-05 23:09:05.334 10016 10016 E AndroidRuntime: 	at androidx.compose.material3.IconButtonKt.IconButton(IconButton.kt:101)
03-05 23:09:05.334 10016 10016 E AndroidRuntime: 	at com.omniagent.app.ui.common.DashboardComponentsKt.CommandInputPanel(DashboardComponents.kt:133)
03-05 23:09:05.334 10016 10016 E AndroidRuntime: 	at com.omniagent.app.ui.features.dashboard.DashboardScreenKt.DashboardScreen(DashboardScreen.kt:71)
03-05 23:09:05.334 10016 10016 E AndroidRuntime: 	at com.omniagent.app.MainActivity$onCreate$1$1.invoke(MainActivity.kt:64)
03-05 23:09:05.334 10016 10016 E AndroidRuntime: 	at com.omniagent.app.MainActivity$onCreate$1$1.invoke(MainActivity.kt:32)
03-05 23:09:05.334 10016 10016 E AndroidRuntime: 	at androidx.compose.runtime.internal.ComposableLambdaImpl.invoke(ComposableLambda.jvm.kt:109)
03-05 23:09:05.334 10016 10016 E AndroidRuntime: 	at androidx.compose.runtime.internal.ComposableLambdaImpl.invoke(ComposableLambda.jvm.kt:35)
03-05 23:09:05.334 10016 10016 E AndroidRuntime: 	at androidx.compose.runtime.RecomposeScopeImpl.compose(RecomposeScopeImpl.kt:192)
03-05 23:09:05.334 10016 10016 E AndroidRuntime: 	at androidx.compose.runtime.ComposerImpl.recomposeToGroupEnd(Composer.kt:2556)
03-05 23:09:05.334 10016 10016 E AndroidRuntime: 	at androidx.compose.runtime.ComposerImpl.skipCurrentGroup(Composer.kt:2827)
03-05 23:09:05.334 10016 10016 E AndroidRuntime: 	at androidx.compose.runtime.ComposerImpl.doCompose(Composer.kt:3314)
03-05 23:09:05.334 10016 10016 E AndroidRuntime: 	at androidx.compose.runtime.ComposerImpl.recompose$runtime_release(Composer.kt:3265)
03-05 23:09:05.334 10016 10016 E AndroidRuntime: 	at androidx.compose.runtime.CompositionImpl.recompose(Composition.kt:938)
03-05 23:09:05.334 10016 10016 E AndroidRuntime: 	at androidx.compose.runtime.Recomposer.performRecompose(Recomposer.kt:1155)
03-05 23:09:05.334 10016 10016 E AndroidRuntime: 	at androidx.compose.runtime.Recomposer.access$performRecompose(Recomposer.kt:127)
03-05 23:09:05.334 10016 10016 E AndroidRuntime: 	at androidx.compose.runtime.Recomposer$runRecomposeAndApplyChanges$2$1.invoke(Recomposer.kt:583)
03-05 23:09:05.334 10016 10016 E AndroidRuntime: 	at androidx.compose.runtime.Recomposer$runRecomposeAndApplyChanges$2$1.invoke(Recomposer.kt:551)
03-05 23:09:05.334 10016 10016 E AndroidRuntime: 	at androidx.compose.ui.platform.AndroidUiFrameClock$withFrameNanos$2$callback$1.doFrame(AndroidUiFrameClock.android.kt:41)
03-05 23:09:05.334 10016 10016 E AndroidRuntime: 	at androidx.compose.ui.platform.AndroidUiDispatcher.performFrameDispatch(AndroidUiDispatcher.android.kt:109)
03-05 23:09:05.334 10016 10016 E AndroidRuntime: 	at androidx.compose.ui.platform.AndroidUiDispatcher.access$performFrameDispatch(AndroidUiDispatcher.android.kt:41)
03-05 23:09:05.334 10016 10016 E AndroidRuntime: 	at androidx.compose.ui.platform.AndroidUiDispatcher$dispatchCallback$1.doFrame(AndroidUiDispatcher.android.kt:69)
03-05 23:09:05.334 10016 10016 E AndroidRuntime: 	at android.view.Choreographer$CallbackRecord.run(Choreographer.java:1628)
03-05 23:09:05.334 10016 10016 E AndroidRuntime: 	at android.view.Choreographer$CallbackRecord.run(Choreographer.java:1639)
03-05 23:09:05.334 10016 10016 E AndroidRuntime: 	at android.view.Choreographer.doCallbacks(Choreographer.java:1235)
03-05 23:09:05.334 10016 10016 E AndroidRuntime: 	at android.view.Choreographer.doFrame(Choreographer.java:1160)
03-05 23:09:05.334 10016 10016 E AndroidRuntime: 	at android.view.Choreographer$FrameDisplayEventReceiver.run(Choreographer.java:1613)
03-05 23:09:05.334 10016 10016 E AndroidRuntime: 	at android.os.Handler.handleCallback(Handler.java:1070)
03-05 23:09:05.334 10016 10016 E AndroidRuntime: 	at android.os.Handler.dispatchMessage(Handler.java:125)
03-05 23:09:05.334 10016 10016 E AndroidRuntime: 	at android.os.Looper.dispatchMessage(Looper.java:333)
03-05 23:09:05.334 10016 10016 E AndroidRuntime: 	at android.os.Looper.loopOnce(Looper.java:263)
03-05 23:09:05.334 10016 10016 E AndroidRuntime: 	at android.os.Looper.loop(Looper.java:367)
03-05 23:09:05.335 10016 10016 E AndroidRuntime: 	at android.app.ActivityThread.main(ActivityThread.java:9287)
03-05 23:09:05.335 10016 10016 E AndroidRuntime: 	at java.lang.reflect.Method.invoke(Native Method)
03-05 23:09:05.335 10016 10016 E AndroidRuntime: 	at com.android.internal.os.RuntimeInit$MethodAndArgsCaller.run(RuntimeInit.java:566)
03-05 23:09:05.335 10016 10016 E AndroidRuntime: 	at com.android.internal.os.ZygoteInit.main(ZygoteInit.java:929)
03-05 23:09:05.335 10016 10016 E AndroidRuntime: 	Suppressed: kotlinx.coroutines.internal.DiagnosticCoroutineContextException: [androidx.compose.runtime.PausableMonotonicFrameClock@b8116de, androidx.compose.ui.platform.MotionDurationScaleImpl@8a290bf, StandaloneCoroutine{Cancelling}@80c038c, AndroidUiDispatcher@7a5ad5]
03-05 23:16:25.149 11076 11076 E AndroidRuntime: FATAL EXCEPTION: main
03-05 23:16:25.149 11076 11076 E AndroidRuntime: Process: com.omniagent.app, PID: 11076
03-05 23:16:25.149 11076 11076 E AndroidRuntime: java.lang.NoSuchMethodError: No virtual method at(Ljava/lang/Object;I)Landroidx/compose/animation/core/KeyframesSpec$KeyframeEntity; in class Landroidx/compose/animation/core/KeyframesSpec$KeyframesSpecConfig; or its super classes (declaration of 'androidx.compose.animation.core.KeyframesSpec$KeyframesSpecConfig' appears in /data/app/~~cVDItnsrz9DUJc4-W1gTfw==/com.omniagent.app-jvkMum6JxluLv0FbT7n3Cg==/base.apk)
03-05 23:16:25.149 11076 11076 E AndroidRuntime: 	at androidx.compose.material3.ProgressIndicatorKt$CircularProgressIndicator$endAngle$1.invoke(ProgressIndicator.kt:371)
03-05 23:16:25.149 11076 11076 E AndroidRuntime: 	at androidx.compose.material3.ProgressIndicatorKt$CircularProgressIndicator$endAngle$1.invoke(ProgressIndicator.kt:369)
03-05 23:16:25.149 11076 11076 E AndroidRuntime: 	at androidx.compose.animation.core.AnimationSpecKt.keyframes(AnimationSpec.kt:649)
03-05 23:16:25.149 11076 11076 E AndroidRuntime: 	at androidx.compose.material3.ProgressIndicatorKt.CircularProgressIndicator-LxG7B9w(ProgressIndicator.kt:369)
03-05 23:16:25.149 11076 11076 E AndroidRuntime: 	at com.omniagent.app.ui.common.DashboardComponentsKt$CommandInputPanel$1$1$3.invoke(DashboardComponents.kt:146)
03-05 23:16:25.149 11076 11076 E AndroidRuntime: 	at com.omniagent.app.ui.common.DashboardComponentsKt$CommandInputPanel$1$1$3.invoke(DashboardComponents.kt:144)
03-05 23:16:25.149 11076 11076 E AndroidRuntime: 	at androidx.compose.runtime.internal.ComposableLambdaImpl.invoke(ComposableLambda.jvm.kt:109)
03-05 23:16:25.149 11076 11076 E AndroidRuntime: 	at androidx.compose.runtime.internal.ComposableLambdaImpl.invoke(ComposableLambda.jvm.kt:35)
03-05 23:16:25.149 11076 11076 E AndroidRuntime: 	at androidx.compose.runtime.CompositionLocalKt.CompositionLocalProvider(CompositionLocal.kt:228)
03-05 23:16:25.149 11076 11076 E AndroidRuntime: 	at androidx.compose.material3.IconButtonKt.IconButton(IconButton.kt:101)
03-05 23:16:25.149 11076 11076 E AndroidRuntime: 	at com.omniagent.app.ui.common.DashboardComponentsKt.CommandInputPanel(DashboardComponents.kt:133)
03-05 23:16:25.149 11076 11076 E AndroidRuntime: 	at com.omniagent.app.ui.features.dashboard.DashboardScreenKt.DashboardScreen(DashboardScreen.kt:71)
03-05 23:16:25.149 11076 11076 E AndroidRuntime: 	at com.omniagent.app.MainActivity$onCreate$1$1.invoke(MainActivity.kt:64)
03-05 23:16:25.149 11076 11076 E AndroidRuntime: 	at com.omniagent.app.MainActivity$onCreate$1$1.invoke(MainActivity.kt:32)
03-05 23:16:25.149 11076 11076 E AndroidRuntime: 	at androidx.compose.runtime.internal.ComposableLambdaImpl.invoke(ComposableLambda.jvm.kt:109)
03-05 23:16:25.149 11076 11076 E AndroidRuntime: 	at androidx.compose.runtime.internal.ComposableLambdaImpl.invoke(ComposableLambda.jvm.kt:35)
03-05 23:16:25.149 11076 11076 E AndroidRuntime: 	at androidx.compose.runtime.RecomposeScopeImpl.compose(RecomposeScopeImpl.kt:192)
03-05 23:16:25.149 11076 11076 E AndroidRuntime: 	at androidx.compose.runtime.ComposerImpl.recomposeToGroupEnd(Composer.kt:2556)
03-05 23:16:25.149 11076 11076 E AndroidRuntime: 	at androidx.compose.runtime.ComposerImpl.skipCurrentGroup(Composer.kt:2827)
03-05 23:16:25.149 11076 11076 E AndroidRuntime: 	at androidx.compose.runtime.ComposerImpl.doCompose(Composer.kt:3314)
03-05 23:16:25.149 11076 11076 E AndroidRuntime: 	at androidx.compose.runtime.ComposerImpl.recompose$runtime_release(Composer.kt:3265)
03-05 23:16:25.149 11076 11076 E AndroidRuntime: 	at androidx.compose.runtime.CompositionImpl.recompose(Composition.kt:938)
03-05 23:16:25.149 11076 11076 E AndroidRuntime: 	at androidx.compose.runtime.Recomposer.performRecompose(Recomposer.kt:1155)
03-05 23:16:25.149 11076 11076 E AndroidRuntime: 	at androidx.compose.runtime.Recomposer.access$performRecompose(Recomposer.kt:127)
03-05 23:16:25.149 11076 11076 E AndroidRuntime: 	at androidx.compose.runtime.Recomposer$runRecomposeAndApplyChanges$2$1.invoke(Recomposer.kt:583)
03-05 23:16:25.149 11076 11076 E AndroidRuntime: 	at androidx.compose.runtime.Recomposer$runRecomposeAndApplyChanges$2$1.invoke(Recomposer.kt:551)
03-05 23:16:25.149 11076 11076 E AndroidRuntime: 	at androidx.compose.ui.platform.AndroidUiFrameClock$withFrameNanos$2$callback$1.doFrame(AndroidUiFrameClock.android.kt:41)
03-05 23:16:25.149 11076 11076 E AndroidRuntime: 	at androidx.compose.ui.platform.AndroidUiDispatcher.performFrameDispatch(AndroidUiDispatcher.android.kt:109)
03-05 23:16:25.149 11076 11076 E AndroidRuntime: 	at androidx.compose.ui.platform.AndroidUiDispatcher.access$performFrameDispatch(AndroidUiDispatcher.android.kt:41)
03-05 23:16:25.149 11076 11076 E AndroidRuntime: 	at androidx.compose.ui.platform.AndroidUiDispatcher$dispatchCallback$1.doFrame(AndroidUiDispatcher.android.kt:69)
03-05 23:16:25.149 11076 11076 E AndroidRuntime: 	at android.view.Choreographer$CallbackRecord.run(Choreographer.java:1628)
03-05 23:16:25.149 11076 11076 E AndroidRuntime: 	at android.view.Choreographer$CallbackRecord.run(Choreographer.java:1639)
03-05 23:16:25.149 11076 11076 E AndroidRuntime: 	at android.view.Choreographer.doCallbacks(Choreographer.java:1235)
03-05 23:16:25.149 11076 11076 E AndroidRuntime: 	at android.view.Choreographer.doFrame(Choreographer.java:1160)
03-05 23:16:25.149 11076 11076 E AndroidRuntime: 	at android.view.Choreographer$FrameDisplayEventReceiver.run(Choreographer.java:1613)
03-05 23:16:25.149 11076 11076 E AndroidRuntime: 	at android.os.Handler.handleCallback(Handler.java:1070)
03-05 23:16:25.149 11076 11076 E AndroidRuntime: 	at android.os.Handler.dispatchMessage(Handler.java:125)
03-05 23:16:25.149 11076 11076 E AndroidRuntime: 	at android.os.Looper.dispatchMessage(Looper.java:333)
03-05 23:16:25.149 11076 11076 E AndroidRuntime: 	at android.os.Looper.loopOnce(Looper.java:263)
03-05 23:16:25.149 11076 11076 E AndroidRuntime: 	at android.os.Looper.loop(Looper.java:367)
03-05 23:16:25.152 11076 11076 E AndroidRuntime: 	at android.app.ActivityThread.main(ActivityThread.java:9287)
03-05 23:16:25.152 11076 11076 E AndroidRuntime: 	at java.lang.reflect.Method.invoke(Native Method)
03-05 23:16:25.152 11076 11076 E AndroidRuntime: 	at com.android.internal.os.RuntimeInit$MethodAndArgsCaller.run(RuntimeInit.java:566)
03-05 23:16:25.152 11076 11076 E AndroidRuntime: 	at com.android.internal.os.ZygoteInit.main(ZygoteInit.java:929)
03-05 23:16:25.152 11076 11076 E AndroidRuntime: 	Suppressed: kotlinx.coroutines.internal.DiagnosticCoroutineContextException: [androidx.compose.runtime.PausableMonotonicFrameClock@23bcc78, androidx.compose.ui.platform.MotionDurationScaleImpl@892cf51, StandaloneCoroutine{Cancelling}@b5323b6, AndroidUiDispatcher@c0bd8b7]
03-05 23:16:34.244 11123 11123 E AndroidRuntime: FATAL EXCEPTION: main
03-05 23:16:34.244 11123 11123 E AndroidRuntime: Process: com.omniagent.app, PID: 11123
03-05 23:16:34.244 11123 11123 E AndroidRuntime: java.lang.NoSuchMethodError: No virtual method at(Ljava/lang/Object;I)Landroidx/compose/animation/core/KeyframesSpec$KeyframeEntity; in class Landroidx/compose/animation/core/KeyframesSpec$KeyframesSpecConfig; or its super classes (declaration of 'androidx.compose.animation.core.KeyframesSpec$KeyframesSpecConfig' appears in /data/app/~~cVDItnsrz9DUJc4-W1gTfw==/com.omniagent.app-jvkMum6JxluLv0FbT7n3Cg==/base.apk)
03-05 23:16:34.244 11123 11123 E AndroidRuntime: 	at androidx.compose.material3.ProgressIndicatorKt$CircularProgressIndicator$endAngle$1.invoke(ProgressIndicator.kt:371)
03-05 23:16:34.244 11123 11123 E AndroidRuntime: 	at androidx.compose.material3.ProgressIndicatorKt$CircularProgressIndicator$endAngle$1.invoke(ProgressIndicator.kt:369)
03-05 23:16:34.244 11123 11123 E AndroidRuntime: 	at androidx.compose.animation.core.AnimationSpecKt.keyframes(AnimationSpec.kt:649)
03-05 23:16:34.244 11123 11123 E AndroidRuntime: 	at androidx.compose.material3.ProgressIndicatorKt.CircularProgressIndicator-LxG7B9w(ProgressIndicator.kt:369)
03-05 23:16:34.244 11123 11123 E AndroidRuntime: 	at com.omniagent.app.ui.common.DashboardComponentsKt$CommandInputPanel$1$1$3.invoke(DashboardComponents.kt:146)
03-05 23:16:34.244 11123 11123 E AndroidRuntime: 	at com.omniagent.app.ui.common.DashboardComponentsKt$CommandInputPanel$1$1$3.invoke(DashboardComponents.kt:144)
03-05 23:16:34.244 11123 11123 E AndroidRuntime: 	at androidx.compose.runtime.internal.ComposableLambdaImpl.invoke(ComposableLambda.jvm.kt:109)
03-05 23:16:34.244 11123 11123 E AndroidRuntime: 	at androidx.compose.runtime.internal.ComposableLambdaImpl.invoke(ComposableLambda.jvm.kt:35)
03-05 23:16:34.244 11123 11123 E AndroidRuntime: 	at androidx.compose.runtime.CompositionLocalKt.CompositionLocalProvider(CompositionLocal.kt:228)
03-05 23:16:34.244 11123 11123 E AndroidRuntime: 	at androidx.compose.material3.IconButtonKt.IconButton(IconButton.kt:101)
03-05 23:16:34.244 11123 11123 E AndroidRuntime: 	at com.omniagent.app.ui.common.DashboardComponentsKt.CommandInputPanel(DashboardComponents.kt:133)
03-05 23:16:34.244 11123 11123 E AndroidRuntime: 	at com.omniagent.app.ui.features.dashboard.DashboardScreenKt.DashboardScreen(DashboardScreen.kt:71)
03-05 23:16:34.244 11123 11123 E AndroidRuntime: 	at com.omniagent.app.MainActivity$onCreate$1$1.invoke(MainActivity.kt:64)
03-05 23:16:34.244 11123 11123 E AndroidRuntime: 	at com.omniagent.app.MainActivity$onCreate$1$1.invoke(MainActivity.kt:32)
03-05 23:16:34.244 11123 11123 E AndroidRuntime: 	at androidx.compose.runtime.internal.ComposableLambdaImpl.invoke(ComposableLambda.jvm.kt:109)
03-05 23:16:34.244 11123 11123 E AndroidRuntime: 	at androidx.compose.runtime.internal.ComposableLambdaImpl.invoke(ComposableLambda.jvm.kt:35)
03-05 23:16:34.244 11123 11123 E AndroidRuntime: 	at androidx.compose.runtime.RecomposeScopeImpl.compose(RecomposeScopeImpl.kt:192)
03-05 23:16:34.244 11123 11123 E AndroidRuntime: 	at androidx.compose.runtime.ComposerImpl.recomposeToGroupEnd(Composer.kt:2556)
03-05 23:16:34.244 11123 11123 E AndroidRuntime: 	at androidx.compose.runtime.ComposerImpl.skipCurrentGroup(Composer.kt:2827)
03-05 23:16:34.244 11123 11123 E AndroidRuntime: 	at androidx.compose.runtime.ComposerImpl.doCompose(Composer.kt:3314)
03-05 23:16:34.244 11123 11123 E AndroidRuntime: 	at androidx.compose.runtime.ComposerImpl.recompose$runtime_release(Composer.kt:3265)
03-05 23:16:34.244 11123 11123 E AndroidRuntime: 	at androidx.compose.runtime.CompositionImpl.recompose(Composition.kt:938)
03-05 23:16:34.244 11123 11123 E AndroidRuntime: 	at androidx.compose.runtime.Recomposer.performRecompose(Recomposer.kt:1155)
03-05 23:16:34.244 11123 11123 E AndroidRuntime: 	at androidx.compose.runtime.Recomposer.access$performRecompose(Recomposer.kt:127)
03-05 23:16:34.244 11123 11123 E AndroidRuntime: 	at androidx.compose.runtime.Recomposer$runRecomposeAndApplyChanges$2$1.invoke(Recomposer.kt:583)
03-05 23:16:34.244 11123 11123 E AndroidRuntime: 	at androidx.compose.runtime.Recomposer$runRecomposeAndApplyChanges$2$1.invoke(Recomposer.kt:551)
03-05 23:16:34.244 11123 11123 E AndroidRuntime: 	at androidx.compose.ui.platform.AndroidUiFrameClock$withFrameNanos$2$callback$1.doFrame(AndroidUiFrameClock.android.kt:41)
03-05 23:16:34.244 11123 11123 E AndroidRuntime: 	at androidx.compose.ui.platform.AndroidUiDispatcher.performFrameDispatch(AndroidUiDispatcher.android.kt:109)
03-05 23:16:34.244 11123 11123 E AndroidRuntime: 	at androidx.compose.ui.platform.AndroidUiDispatcher.access$performFrameDispatch(AndroidUiDispatcher.android.kt:41)
03-05 23:16:34.244 11123 11123 E AndroidRuntime: 	at androidx.compose.ui.platform.AndroidUiDispatcher$dispatchCallback$1.doFrame(AndroidUiDispatcher.android.kt:69)
03-05 23:16:34.244 11123 11123 E AndroidRuntime: 	at android.view.Choreographer$CallbackRecord.run(Choreographer.java:1628)
03-05 23:16:34.244 11123 11123 E AndroidRuntime: 	at android.view.Choreographer$CallbackRecord.run(Choreographer.java:1639)
03-05 23:16:34.244 11123 11123 E AndroidRuntime: 	at android.view.Choreographer.doCallbacks(Choreographer.java:1235)
03-05 23:16:34.244 11123 11123 E AndroidRuntime: 	at android.view.Choreographer.doFrame(Choreographer.java:1160)
03-05 23:16:34.244 11123 11123 E AndroidRuntime: 	at android.view.Choreographer$FrameDisplayEventReceiver.run(Choreographer.java:1613)
03-05 23:16:34.244 11123 11123 E AndroidRuntime: 	at android.os.Handler.handleCallback(Handler.java:1070)
03-05 23:16:34.244 11123 11123 E AndroidRuntime: 	at android.os.Handler.dispatchMessage(Handler.java:125)
03-05 23:16:34.244 11123 11123 E AndroidRuntime: 	at android.os.Looper.dispatchMessage(Looper.java:333)
03-05 23:16:34.244 11123 11123 E AndroidRuntime: 	at android.os.Looper.loopOnce(Looper.java:263)
03-05 23:16:34.244 11123 11123 E AndroidRuntime: 	at android.os.Looper.loop(Looper.java:367)
03-05 23:16:34.247 11123 11123 E AndroidRuntime: 	at android.app.ActivityThread.main(ActivityThread.java:9287)
03-05 23:16:34.247 11123 11123 E AndroidRuntime: 	at java.lang.reflect.Method.invoke(Native Method)
03-05 23:16:34.247 11123 11123 E AndroidRuntime: 	at com.android.internal.os.RuntimeInit$MethodAndArgsCaller.run(RuntimeInit.java:566)
03-05 23:16:34.247 11123 11123 E AndroidRuntime: 	at com.android.internal.os.ZygoteInit.main(ZygoteInit.java:929)
03-05 23:16:34.247 11123 11123 E AndroidRuntime: 	Suppressed: kotlinx.coroutines.internal.DiagnosticCoroutineContextException: [androidx.compose.runtime.PausableMonotonicFrameClock@23bcc78, androidx.compose.ui.platform.MotionDurationScaleImpl@892cf51, StandaloneCoroutine{Cancelling}@b5323b6, AndroidUiDispatcher@c0bd8b7]
03-05 23:17:09.762 11292 11292 E AndroidRuntime: FATAL EXCEPTION: main
03-05 23:17:09.762 11292 11292 E AndroidRuntime: Process: com.omniagent.app, PID: 11292
03-05 23:17:09.762 11292 11292 E AndroidRuntime: java.lang.NoSuchMethodError: No virtual method at(Ljava/lang/Object;I)Landroidx/compose/animation/core/KeyframesSpec$KeyframeEntity; in class Landroidx/compose/animation/core/KeyframesSpec$KeyframesSpecConfig; or its super classes (declaration of 'androidx.compose.animation.core.KeyframesSpec$KeyframesSpecConfig' appears in /data/app/~~cVDItnsrz9DUJc4-W1gTfw==/com.omniagent.app-jvkMum6JxluLv0FbT7n3Cg==/base.apk)
03-05 23:17:09.762 11292 11292 E AndroidRuntime: 	at androidx.compose.material3.ProgressIndicatorKt$CircularProgressIndicator$endAngle$1.invoke(ProgressIndicator.kt:371)
03-05 23:17:09.762 11292 11292 E AndroidRuntime: 	at androidx.compose.material3.ProgressIndicatorKt$CircularProgressIndicator$endAngle$1.invoke(ProgressIndicator.kt:369)
03-05 23:17:09.762 11292 11292 E AndroidRuntime: 	at androidx.compose.animation.core.AnimationSpecKt.keyframes(AnimationSpec.kt:649)
03-05 23:17:09.762 11292 11292 E AndroidRuntime: 	at androidx.compose.material3.ProgressIndicatorKt.CircularProgressIndicator-LxG7B9w(ProgressIndicator.kt:369)
03-05 23:17:09.762 11292 11292 E AndroidRuntime: 	at com.omniagent.app.ui.common.DashboardComponentsKt$CommandInputPanel$1$1$3.invoke(DashboardComponents.kt:146)
03-05 23:17:09.762 11292 11292 E AndroidRuntime: 	at com.omniagent.app.ui.common.DashboardComponentsKt$CommandInputPanel$1$1$3.invoke(DashboardComponents.kt:144)
03-05 23:17:09.762 11292 11292 E AndroidRuntime: 	at androidx.compose.runtime.internal.ComposableLambdaImpl.invoke(ComposableLambda.jvm.kt:109)
03-05 23:17:09.762 11292 11292 E AndroidRuntime: 	at androidx.compose.runtime.internal.ComposableLambdaImpl.invoke(ComposableLambda.jvm.kt:35)
03-05 23:17:09.762 11292 11292 E AndroidRuntime: 	at androidx.compose.runtime.CompositionLocalKt.CompositionLocalProvider(CompositionLocal.kt:228)
03-05 23:17:09.762 11292 11292 E AndroidRuntime: 	at androidx.compose.material3.IconButtonKt.IconButton(IconButton.kt:101)
03-05 23:17:09.762 11292 11292 E AndroidRuntime: 	at com.omniagent.app.ui.common.DashboardComponentsKt.CommandInputPanel(DashboardComponents.kt:133)
03-05 23:17:09.762 11292 11292 E AndroidRuntime: 	at com.omniagent.app.ui.features.dashboard.DashboardScreenKt.DashboardScreen(DashboardScreen.kt:71)
03-05 23:17:09.762 11292 11292 E AndroidRuntime: 	at com.omniagent.app.MainActivity$onCreate$1$1.invoke(MainActivity.kt:64)
03-05 23:17:09.762 11292 11292 E AndroidRuntime: 	at com.omniagent.app.MainActivity$onCreate$1$1.invoke(MainActivity.kt:32)
03-05 23:17:09.762 11292 11292 E AndroidRuntime: 	at androidx.compose.runtime.internal.ComposableLambdaImpl.invoke(ComposableLambda.jvm.kt:109)
03-05 23:17:09.762 11292 11292 E AndroidRuntime: 	at androidx.compose.runtime.internal.ComposableLambdaImpl.invoke(ComposableLambda.jvm.kt:35)
03-05 23:17:09.762 11292 11292 E AndroidRuntime: 	at androidx.compose.runtime.RecomposeScopeImpl.compose(RecomposeScopeImpl.kt:192)
03-05 23:17:09.762 11292 11292 E AndroidRuntime: 	at androidx.compose.runtime.ComposerImpl.recomposeToGroupEnd(Composer.kt:2556)
03-05 23:17:09.762 11292 11292 E AndroidRuntime: 	at androidx.compose.runtime.ComposerImpl.skipCurrentGroup(Composer.kt:2827)
03-05 23:17:09.762 11292 11292 E AndroidRuntime: 	at androidx.compose.runtime.ComposerImpl.doCompose(Composer.kt:3314)
03-05 23:17:09.762 11292 11292 E AndroidRuntime: 	at androidx.compose.runtime.ComposerImpl.recompose$runtime_release(Composer.kt:3265)
03-05 23:17:09.762 11292 11292 E AndroidRuntime: 	at androidx.compose.runtime.CompositionImpl.recompose(Composition.kt:938)
03-05 23:17:09.762 11292 11292 E AndroidRuntime: 	at androidx.compose.runtime.Recomposer.performRecompose(Recomposer.kt:1155)
03-05 23:17:09.762 11292 11292 E AndroidRuntime: 	at androidx.compose.runtime.Recomposer.access$performRecompose(Recomposer.kt:127)
03-05 23:17:09.762 11292 11292 E AndroidRuntime: 	at androidx.compose.runtime.Recomposer$runRecomposeAndApplyChanges$2$1.invoke(Recomposer.kt:583)
03-05 23:17:09.762 11292 11292 E AndroidRuntime: 	at androidx.compose.runtime.Recomposer$runRecomposeAndApplyChanges$2$1.invoke(Recomposer.kt:551)
03-05 23:17:09.762 11292 11292 E AndroidRuntime: 	at androidx.compose.ui.platform.AndroidUiFrameClock$withFrameNanos$2$callback$1.doFrame(AndroidUiFrameClock.android.kt:41)
03-05 23:17:09.762 11292 11292 E AndroidRuntime: 	at androidx.compose.ui.platform.AndroidUiDispatcher.performFrameDispatch(AndroidUiDispatcher.android.kt:109)
03-05 23:17:09.762 11292 11292 E AndroidRuntime: 	at androidx.compose.ui.platform.AndroidUiDispatcher.access$performFrameDispatch(AndroidUiDispatcher.android.kt:41)
03-05 23:17:09.762 11292 11292 E AndroidRuntime: 	at androidx.compose.ui.platform.AndroidUiDispatcher$dispatchCallback$1.doFrame(AndroidUiDispatcher.android.kt:69)
03-05 23:17:09.762 11292 11292 E AndroidRuntime: 	at android.view.Choreographer$CallbackRecord.run(Choreographer.java:1628)
03-05 23:17:09.762 11292 11292 E AndroidRuntime: 	at android.view.Choreographer$CallbackRecord.run(Choreographer.java:1639)
03-05 23:17:09.762 11292 11292 E AndroidRuntime: 	at android.view.Choreographer.doCallbacks(Choreographer.java:1235)
03-05 23:17:09.762 11292 11292 E AndroidRuntime: 	at android.view.Choreographer.doFrame(Choreographer.java:1160)
03-05 23:17:09.762 11292 11292 E AndroidRuntime: 	at android.view.Choreographer$FrameDisplayEventReceiver.run(Choreographer.java:1613)
03-05 23:17:09.762 11292 11292 E AndroidRuntime: 	at android.os.Handler.handleCallback(Handler.java:1070)
03-05 23:17:09.762 11292 11292 E AndroidRuntime: 	at android.os.Handler.dispatchMessage(Handler.java:125)
03-05 23:17:09.762 11292 11292 E AndroidRuntime: 	at android.os.Looper.dispatchMessage(Looper.java:333)
03-05 23:17:09.762 11292 11292 E AndroidRuntime: 	at android.os.Looper.loopOnce(Looper.java:263)
03-05 23:17:09.762 11292 11292 E AndroidRuntime: 	at android.os.Looper.loop(Looper.java:367)
03-05 23:17:09.765 11292 11292 E AndroidRuntime: 	at android.app.ActivityThread.main(ActivityThread.java:9287)
03-05 23:17:09.765 11292 11292 E AndroidRuntime: 	at java.lang.reflect.Method.invoke(Native Method)
03-05 23:17:09.765 11292 11292 E AndroidRuntime: 	at com.android.internal.os.RuntimeInit$MethodAndArgsCaller.run(RuntimeInit.java:566)
03-05 23:17:09.765 11292 11292 E AndroidRuntime: 	at com.android.internal.os.ZygoteInit.main(ZygoteInit.java:929)
03-05 23:17:09.765 11292 11292 E AndroidRuntime: 	Suppressed: kotlinx.coroutines.internal.DiagnosticCoroutineContextException: [androidx.compose.runtime.PausableMonotonicFrameClock@713607b, androidx.compose.ui.platform.MotionDurationScaleImpl@4c7be98, StandaloneCoroutine{Cancelling}@6aea6f1, AndroidUiDispatcher@ea0b2d6]
03-05 23:27:11.877 11737 11737 E AndroidRuntime: FATAL EXCEPTION: main
03-05 23:27:11.877 11737 11737 E AndroidRuntime: Process: com.omniagent.app, PID: 11737
03-05 23:27:11.877 11737 11737 E AndroidRuntime: java.lang.NoSuchMethodError: No virtual method at(Ljava/lang/Object;I)Landroidx/compose/animation/core/KeyframesSpec$KeyframeEntity; in class Landroidx/compose/animation/core/KeyframesSpec$KeyframesSpecConfig; or its super classes (declaration of 'androidx.compose.animation.core.KeyframesSpec$KeyframesSpecConfig' appears in /data/app/~~cVDItnsrz9DUJc4-W1gTfw==/com.omniagent.app-jvkMum6JxluLv0FbT7n3Cg==/base.apk)
03-05 23:27:11.877 11737 11737 E AndroidRuntime: 	at androidx.compose.material3.ProgressIndicatorKt$CircularProgressIndicator$endAngle$1.invoke(ProgressIndicator.kt:371)
03-05 23:27:11.877 11737 11737 E AndroidRuntime: 	at androidx.compose.material3.ProgressIndicatorKt$CircularProgressIndicator$endAngle$1.invoke(ProgressIndicator.kt:369)
03-05 23:27:11.877 11737 11737 E AndroidRuntime: 	at androidx.compose.animation.core.AnimationSpecKt.keyframes(AnimationSpec.kt:649)
03-05 23:27:11.877 11737 11737 E AndroidRuntime: 	at androidx.compose.material3.ProgressIndicatorKt.CircularProgressIndicator-LxG7B9w(ProgressIndicator.kt:369)
03-05 23:27:11.877 11737 11737 E AndroidRuntime: 	at com.omniagent.app.ui.common.DashboardComponentsKt$CommandInputPanel$1$1$3.invoke(DashboardComponents.kt:146)
03-05 23:27:11.877 11737 11737 E AndroidRuntime: 	at com.omniagent.app.ui.common.DashboardComponentsKt$CommandInputPanel$1$1$3.invoke(DashboardComponents.kt:144)
03-05 23:27:11.877 11737 11737 E AndroidRuntime: 	at androidx.compose.runtime.internal.ComposableLambdaImpl.invoke(ComposableLambda.jvm.kt:109)
03-05 23:27:11.877 11737 11737 E AndroidRuntime: 	at androidx.compose.runtime.internal.ComposableLambdaImpl.invoke(ComposableLambda.jvm.kt:35)
03-05 23:27:11.877 11737 11737 E AndroidRuntime: 	at androidx.compose.runtime.CompositionLocalKt.CompositionLocalProvider(CompositionLocal.kt:228)
03-05 23:27:11.877 11737 11737 E AndroidRuntime: 	at androidx.compose.material3.IconButtonKt.IconButton(IconButton.kt:101)
03-05 23:27:11.877 11737 11737 E AndroidRuntime: 	at com.omniagent.app.ui.common.DashboardComponentsKt.CommandInputPanel(DashboardComponents.kt:133)
03-05 23:27:11.877 11737 11737 E AndroidRuntime: 	at com.omniagent.app.ui.features.dashboard.DashboardScreenKt.DashboardScreen(DashboardScreen.kt:71)
03-05 23:27:11.877 11737 11737 E AndroidRuntime: 	at com.omniagent.app.MainActivity$onCreate$1$1.invoke(MainActivity.kt:64)
03-05 23:27:11.877 11737 11737 E AndroidRuntime: 	at com.omniagent.app.MainActivity$onCreate$1$1.invoke(MainActivity.kt:32)
03-05 23:27:11.877 11737 11737 E AndroidRuntime: 	at androidx.compose.runtime.internal.ComposableLambdaImpl.invoke(ComposableLambda.jvm.kt:109)
03-05 23:27:11.877 11737 11737 E AndroidRuntime: 	at androidx.compose.runtime.internal.ComposableLambdaImpl.invoke(ComposableLambda.jvm.kt:35)
03-05 23:27:11.877 11737 11737 E AndroidRuntime: 	at androidx.compose.runtime.RecomposeScopeImpl.compose(RecomposeScopeImpl.kt:192)
03-05 23:27:11.877 11737 11737 E AndroidRuntime: 	at androidx.compose.runtime.ComposerImpl.recomposeToGroupEnd(Composer.kt:2556)
03-05 23:27:11.877 11737 11737 E AndroidRuntime: 	at androidx.compose.runtime.ComposerImpl.skipCurrentGroup(Composer.kt:2827)
03-05 23:27:11.877 11737 11737 E AndroidRuntime: 	at androidx.compose.runtime.ComposerImpl.doCompose(Composer.kt:3314)
03-05 23:27:11.877 11737 11737 E AndroidRuntime: 	at androidx.compose.runtime.ComposerImpl.recompose$runtime_release(Composer.kt:3265)
03-05 23:27:11.877 11737 11737 E AndroidRuntime: 	at androidx.compose.runtime.CompositionImpl.recompose(Composition.kt:938)
03-05 23:27:11.877 11737 11737 E AndroidRuntime: 	at androidx.compose.runtime.Recomposer.performRecompose(Recomposer.kt:1155)
03-05 23:27:11.877 11737 11737 E AndroidRuntime: 	at androidx.compose.runtime.Recomposer.access$performRecompose(Recomposer.kt:127)
03-05 23:27:11.877 11737 11737 E AndroidRuntime: 	at androidx.compose.runtime.Recomposer$runRecomposeAndApplyChanges$2$1.invoke(Recomposer.kt:583)
03-05 23:27:11.877 11737 11737 E AndroidRuntime: 	at androidx.compose.runtime.Recomposer$runRecomposeAndApplyChanges$2$1.invoke(Recomposer.kt:551)
03-05 23:27:11.877 11737 11737 E AndroidRuntime: 	at androidx.compose.ui.platform.AndroidUiFrameClock$withFrameNanos$2$callback$1.doFrame(AndroidUiFrameClock.android.kt:41)
03-05 23:27:11.877 11737 11737 E AndroidRuntime: 	at androidx.compose.ui.platform.AndroidUiDispatcher.performFrameDispatch(AndroidUiDispatcher.android.kt:109)
03-05 23:27:11.877 11737 11737 E AndroidRuntime: 	at androidx.compose.ui.platform.AndroidUiDispatcher.access$performFrameDispatch(AndroidUiDispatcher.android.kt:41)
03-05 23:27:11.877 11737 11737 E AndroidRuntime: 	at androidx.compose.ui.platform.AndroidUiDispatcher$dispatchCallback$1.doFrame(AndroidUiDispatcher.android.kt:69)
03-05 23:27:11.877 11737 11737 E AndroidRuntime: 	at android.view.Choreographer$CallbackRecord.run(Choreographer.java:1628)
03-05 23:27:11.877 11737 11737 E AndroidRuntime: 	at android.view.Choreographer$CallbackRecord.run(Choreographer.java:1639)
03-05 23:27:11.877 11737 11737 E AndroidRuntime: 	at android.view.Choreographer.doCallbacks(Choreographer.java:1235)
03-05 23:27:11.877 11737 11737 E AndroidRuntime: 	at android.view.Choreographer.doFrame(Choreographer.java:1160)
03-05 23:27:11.877 11737 11737 E AndroidRuntime: 	at android.view.Choreographer$FrameDisplayEventReceiver.run(Choreographer.java:1613)
03-05 23:27:11.877 11737 11737 E AndroidRuntime: 	at android.os.Handler.handleCallback(Handler.java:1070)
03-05 23:27:11.877 11737 11737 E AndroidRuntime: 	at android.os.Handler.dispatchMessage(Handler.java:125)
03-05 23:27:11.877 11737 11737 E AndroidRuntime: 	at android.os.Looper.dispatchMessage(Looper.java:333)
03-05 23:27:11.877 11737 11737 E AndroidRuntime: 	at android.os.Looper.loopOnce(Looper.java:263)
03-05 23:27:11.877 11737 11737 E AndroidRuntime: 	at android.os.Looper.loop(Looper.java:367)
03-05 23:27:11.881 11737 11737 E AndroidRuntime: 	at android.app.ActivityThread.main(ActivityThread.java:9287)
03-05 23:27:11.881 11737 11737 E AndroidRuntime: 	at java.lang.reflect.Method.invoke(Native Method)
03-05 23:27:11.881 11737 11737 E AndroidRuntime: 	at com.android.internal.os.RuntimeInit$MethodAndArgsCaller.run(RuntimeInit.java:566)
03-05 23:27:11.881 11737 11737 E AndroidRuntime: 	at com.android.internal.os.ZygoteInit.main(ZygoteInit.java:929)
03-05 23:27:11.881 11737 11737 E AndroidRuntime: 	Suppressed: kotlinx.coroutines.internal.DiagnosticCoroutineContextException: [androidx.compose.runtime.PausableMonotonicFrameClock@23bcc78, androidx.compose.ui.platform.MotionDurationScaleImpl@892cf51, StandaloneCoroutine{Cancelling}@b5323b6, AndroidUiDispatcher@c0bd8b7]
03-05 23:27:19.167 11797 11797 E AndroidRuntime: FATAL EXCEPTION: main
03-05 23:27:19.167 11797 11797 E AndroidRuntime: Process: com.omniagent.app, PID: 11797
03-05 23:27:19.167 11797 11797 E AndroidRuntime: java.lang.NoSuchMethodError: No virtual method at(Ljava/lang/Object;I)Landroidx/compose/animation/core/KeyframesSpec$KeyframeEntity; in class Landroidx/compose/animation/core/KeyframesSpec$KeyframesSpecConfig; or its super classes (declaration of 'androidx.compose.animation.core.KeyframesSpec$KeyframesSpecConfig' appears in /data/app/~~cVDItnsrz9DUJc4-W1gTfw==/com.omniagent.app-jvkMum6JxluLv0FbT7n3Cg==/base.apk)
03-05 23:27:19.167 11797 11797 E AndroidRuntime: 	at androidx.compose.material3.ProgressIndicatorKt$CircularProgressIndicator$endAngle$1.invoke(ProgressIndicator.kt:371)
03-05 23:27:19.167 11797 11797 E AndroidRuntime: 	at androidx.compose.material3.ProgressIndicatorKt$CircularProgressIndicator$endAngle$1.invoke(ProgressIndicator.kt:369)
03-05 23:27:19.167 11797 11797 E AndroidRuntime: 	at androidx.compose.animation.core.AnimationSpecKt.keyframes(AnimationSpec.kt:649)
03-05 23:27:19.167 11797 11797 E AndroidRuntime: 	at androidx.compose.material3.ProgressIndicatorKt.CircularProgressIndicator-LxG7B9w(ProgressIndicator.kt:369)
03-05 23:27:19.167 11797 11797 E AndroidRuntime: 	at com.omniagent.app.ui.common.DashboardComponentsKt$CommandInputPanel$1$1$3.invoke(DashboardComponents.kt:146)
03-05 23:27:19.167 11797 11797 E AndroidRuntime: 	at com.omniagent.app.ui.common.DashboardComponentsKt$CommandInputPanel$1$1$3.invoke(DashboardComponents.kt:144)
03-05 23:27:19.167 11797 11797 E AndroidRuntime: 	at androidx.compose.runtime.internal.ComposableLambdaImpl.invoke(ComposableLambda.jvm.kt:109)
03-05 23:27:19.167 11797 11797 E AndroidRuntime: 	at androidx.compose.runtime.internal.ComposableLambdaImpl.invoke(ComposableLambda.jvm.kt:35)
03-05 23:27:19.167 11797 11797 E AndroidRuntime: 	at androidx.compose.runtime.CompositionLocalKt.CompositionLocalProvider(CompositionLocal.kt:228)
03-05 23:27:19.167 11797 11797 E AndroidRuntime: 	at androidx.compose.material3.IconButtonKt.IconButton(IconButton.kt:101)
03-05 23:27:19.167 11797 11797 E AndroidRuntime: 	at com.omniagent.app.ui.common.DashboardComponentsKt.CommandInputPanel(DashboardComponents.kt:133)
03-05 23:27:19.167 11797 11797 E AndroidRuntime: 	at com.omniagent.app.ui.features.dashboard.DashboardScreenKt.DashboardScreen(DashboardScreen.kt:71)
03-05 23:27:19.167 11797 11797 E AndroidRuntime: 	at com.omniagent.app.MainActivity$onCreate$1$1.invoke(MainActivity.kt:64)
03-05 23:27:19.167 11797 11797 E AndroidRuntime: 	at com.omniagent.app.MainActivity$onCreate$1$1.invoke(MainActivity.kt:32)
03-05 23:27:19.167 11797 11797 E AndroidRuntime: 	at androidx.compose.runtime.internal.ComposableLambdaImpl.invoke(ComposableLambda.jvm.kt:109)
03-05 23:27:19.167 11797 11797 E AndroidRuntime: 	at androidx.compose.runtime.internal.ComposableLambdaImpl.invoke(ComposableLambda.jvm.kt:35)
03-05 23:27:19.167 11797 11797 E AndroidRuntime: 	at androidx.compose.runtime.RecomposeScopeImpl.compose(RecomposeScopeImpl.kt:192)
03-05 23:27:19.167 11797 11797 E AndroidRuntime: 	at androidx.compose.runtime.ComposerImpl.recomposeToGroupEnd(Composer.kt:2556)
03-05 23:27:19.167 11797 11797 E AndroidRuntime: 	at androidx.compose.runtime.ComposerImpl.skipCurrentGroup(Composer.kt:2827)
03-05 23:27:19.167 11797 11797 E AndroidRuntime: 	at androidx.compose.runtime.ComposerImpl.doCompose(Composer.kt:3314)
03-05 23:27:19.167 11797 11797 E AndroidRuntime: 	at androidx.compose.runtime.ComposerImpl.recompose$runtime_release(Composer.kt:3265)
03-05 23:27:19.167 11797 11797 E AndroidRuntime: 	at androidx.compose.runtime.CompositionImpl.recompose(Composition.kt:938)
03-05 23:27:19.167 11797 11797 E AndroidRuntime: 	at androidx.compose.runtime.Recomposer.performRecompose(Recomposer.kt:1155)
03-05 23:27:19.167 11797 11797 E AndroidRuntime: 	at androidx.compose.runtime.Recomposer.access$performRecompose(Recomposer.kt:127)
03-05 23:27:19.167 11797 11797 E AndroidRuntime: 	at androidx.compose.runtime.Recomposer$runRecomposeAndApplyChanges$2$1.invoke(Recomposer.kt:583)
03-05 23:27:19.167 11797 11797 E AndroidRuntime: 	at androidx.compose.runtime.Recomposer$runRecomposeAndApplyChanges$2$1.invoke(Recomposer.kt:551)
03-05 23:27:19.167 11797 11797 E AndroidRuntime: 	at androidx.compose.ui.platform.AndroidUiFrameClock$withFrameNanos$2$callback$1.doFrame(AndroidUiFrameClock.android.kt:41)
03-05 23:27:19.167 11797 11797 E AndroidRuntime: 	at androidx.compose.ui.platform.AndroidUiDispatcher.performFrameDispatch(AndroidUiDispatcher.android.kt:109)
03-05 23:27:19.167 11797 11797 E AndroidRuntime: 	at androidx.compose.ui.platform.AndroidUiDispatcher.access$performFrameDispatch(AndroidUiDispatcher.android.kt:41)
03-05 23:27:19.167 11797 11797 E AndroidRuntime: 	at androidx.compose.ui.platform.AndroidUiDispatcher$dispatchCallback$1.doFrame(AndroidUiDispatcher.android.kt:69)
03-05 23:27:19.167 11797 11797 E AndroidRuntime: 	at android.view.Choreographer$CallbackRecord.run(Choreographer.java:1628)
03-05 23:27:19.167 11797 11797 E AndroidRuntime: 	at android.view.Choreographer$CallbackRecord.run(Choreographer.java:1639)
03-05 23:27:19.167 11797 11797 E AndroidRuntime: 	at android.view.Choreographer.doCallbacks(Choreographer.java:1235)
03-05 23:27:19.167 11797 11797 E AndroidRuntime: 	at android.view.Choreographer.doFrame(Choreographer.java:1160)
03-05 23:27:19.167 11797 11797 E AndroidRuntime: 	at android.view.Choreographer$FrameDisplayEventReceiver.run(Choreographer.java:1613)
03-05 23:27:19.167 11797 11797 E AndroidRuntime: 	at android.os.Handler.handleCallback(Handler.java:1070)
03-05 23:27:19.167 11797 11797 E AndroidRuntime: 	at android.os.Handler.dispatchMessage(Handler.java:125)
03-05 23:27:19.167 11797 11797 E AndroidRuntime: 	at android.os.Looper.dispatchMessage(Looper.java:333)
03-05 23:27:19.167 11797 11797 E AndroidRuntime: 	at android.os.Looper.loopOnce(Looper.java:263)
03-05 23:27:19.167 11797 11797 E AndroidRuntime: 	at android.os.Looper.loop(Looper.java:367)
03-05 23:27:19.169 11797 11797 E AndroidRuntime: 	at android.app.ActivityThread.main(ActivityThread.java:9287)
03-05 23:27:19.169 11797 11797 E AndroidRuntime: 	at java.lang.reflect.Method.invoke(Native Method)
03-05 23:27:19.169 11797 11797 E AndroidRuntime: 	at com.android.internal.os.RuntimeInit$MethodAndArgsCaller.run(RuntimeInit.java:566)
03-05 23:27:19.169 11797 11797 E AndroidRuntime: 	at com.android.internal.os.ZygoteInit.main(ZygoteInit.java:929)
03-05 23:27:19.169 11797 11797 E AndroidRuntime: 	Suppressed: kotlinx.coroutines.internal.DiagnosticCoroutineContextException: [androidx.compose.runtime.PausableMonotonicFrameClock@23bcc78, androidx.compose.ui.platform.MotionDurationScaleImpl@892cf51, StandaloneCoroutine{Cancelling}@b5323b6, AndroidUiDispatcher@c0bd8b7]
03-05 23:27:53.346 11922 11922 E AndroidRuntime: FATAL EXCEPTION: main
03-05 23:27:53.346 11922 11922 E AndroidRuntime: Process: com.omniagent.app, PID: 11922
03-05 23:27:53.346 11922 11922 E AndroidRuntime: java.lang.NoSuchMethodError: No virtual method at(Ljava/lang/Object;I)Landroidx/compose/animation/core/KeyframesSpec$KeyframeEntity; in class Landroidx/compose/animation/core/KeyframesSpec$KeyframesSpecConfig; or its super classes (declaration of 'androidx.compose.animation.core.KeyframesSpec$KeyframesSpecConfig' appears in /data/app/~~cVDItnsrz9DUJc4-W1gTfw==/com.omniagent.app-jvkMum6JxluLv0FbT7n3Cg==/base.apk)
03-05 23:27:53.346 11922 11922 E AndroidRuntime: 	at androidx.compose.material3.ProgressIndicatorKt$CircularProgressIndicator$endAngle$1.invoke(ProgressIndicator.kt:371)
03-05 23:27:53.346 11922 11922 E AndroidRuntime: 	at androidx.compose.material3.ProgressIndicatorKt$CircularProgressIndicator$endAngle$1.invoke(ProgressIndicator.kt:369)
03-05 23:27:53.346 11922 11922 E AndroidRuntime: 	at androidx.compose.animation.core.AnimationSpecKt.keyframes(AnimationSpec.kt:649)
03-05 23:27:53.346 11922 11922 E AndroidRuntime: 	at androidx.compose.material3.ProgressIndicatorKt.CircularProgressIndicator-LxG7B9w(ProgressIndicator.kt:369)
03-05 23:27:53.346 11922 11922 E AndroidRuntime: 	at com.omniagent.app.ui.common.DashboardComponentsKt$CommandInputPanel$1$1$3.invoke(DashboardComponents.kt:146)
03-05 23:27:53.346 11922 11922 E AndroidRuntime: 	at com.omniagent.app.ui.common.DashboardComponentsKt$CommandInputPanel$1$1$3.invoke(DashboardComponents.kt:144)
03-05 23:27:53.346 11922 11922 E AndroidRuntime: 	at androidx.compose.runtime.internal.ComposableLambdaImpl.invoke(ComposableLambda.jvm.kt:109)
03-05 23:27:53.346 11922 11922 E AndroidRuntime: 	at androidx.compose.runtime.internal.ComposableLambdaImpl.invoke(ComposableLambda.jvm.kt:35)
03-05 23:27:53.346 11922 11922 E AndroidRuntime: 	at androidx.compose.runtime.CompositionLocalKt.CompositionLocalProvider(CompositionLocal.kt:228)
03-05 23:27:53.346 11922 11922 E AndroidRuntime: 	at androidx.compose.material3.IconButtonKt.IconButton(IconButton.kt:101)
03-05 23:27:53.346 11922 11922 E AndroidRuntime: 	at com.omniagent.app.ui.common.DashboardComponentsKt.CommandInputPanel(DashboardComponents.kt:133)
03-05 23:27:53.346 11922 11922 E AndroidRuntime: 	at com.omniagent.app.ui.features.dashboard.DashboardScreenKt.DashboardScreen(DashboardScreen.kt:71)
03-05 23:27:53.346 11922 11922 E AndroidRuntime: 	at com.omniagent.app.MainActivity$onCreate$1$1.invoke(MainActivity.kt:64)
03-05 23:27:53.346 11922 11922 E AndroidRuntime: 	at com.omniagent.app.MainActivity$onCreate$1$1.invoke(MainActivity.kt:32)
03-05 23:27:53.346 11922 11922 E AndroidRuntime: 	at androidx.compose.runtime.internal.ComposableLambdaImpl.invoke(ComposableLambda.jvm.kt:109)
03-05 23:27:53.346 11922 11922 E AndroidRuntime: 	at androidx.compose.runtime.internal.ComposableLambdaImpl.invoke(ComposableLambda.jvm.kt:35)
03-05 23:27:53.346 11922 11922 E AndroidRuntime: 	at androidx.compose.runtime.RecomposeScopeImpl.compose(RecomposeScopeImpl.kt:192)
03-05 23:27:53.346 11922 11922 E AndroidRuntime: 	at androidx.compose.runtime.ComposerImpl.recomposeToGroupEnd(Composer.kt:2556)
03-05 23:27:53.346 11922 11922 E AndroidRuntime: 	at androidx.compose.runtime.ComposerImpl.skipCurrentGroup(Composer.kt:2827)
03-05 23:27:53.346 11922 11922 E AndroidRuntime: 	at androidx.compose.runtime.ComposerImpl.doCompose(Composer.kt:3314)
03-05 23:27:53.346 11922 11922 E AndroidRuntime: 	at androidx.compose.runtime.ComposerImpl.recompose$runtime_release(Composer.kt:3265)
03-05 23:27:53.346 11922 11922 E AndroidRuntime: 	at androidx.compose.runtime.CompositionImpl.recompose(Composition.kt:938)
03-05 23:27:53.346 11922 11922 E AndroidRuntime: 	at androidx.compose.runtime.Recomposer.performRecompose(Recomposer.kt:1155)
03-05 23:27:53.346 11922 11922 E AndroidRuntime: 	at androidx.compose.runtime.Recomposer.access$performRecompose(Recomposer.kt:127)
03-05 23:27:53.346 11922 11922 E AndroidRuntime: 	at androidx.compose.runtime.Recomposer$runRecomposeAndApplyChanges$2$1.invoke(Recomposer.kt:583)
03-05 23:27:53.346 11922 11922 E AndroidRuntime: 	at androidx.compose.runtime.Recomposer$runRecomposeAndApplyChanges$2$1.invoke(Recomposer.kt:551)
03-05 23:27:53.346 11922 11922 E AndroidRuntime: 	at androidx.compose.ui.platform.AndroidUiFrameClock$withFrameNanos$2$callback$1.doFrame(AndroidUiFrameClock.android.kt:41)
03-05 23:27:53.346 11922 11922 E AndroidRuntime: 	at androidx.compose.ui.platform.AndroidUiDispatcher.performFrameDispatch(AndroidUiDispatcher.android.kt:109)
03-05 23:27:53.346 11922 11922 E AndroidRuntime: 	at androidx.compose.ui.platform.AndroidUiDispatcher.access$performFrameDispatch(AndroidUiDispatcher.android.kt:41)
03-05 23:27:53.346 11922 11922 E AndroidRuntime: 	at androidx.compose.ui.platform.AndroidUiDispatcher$dispatchCallback$1.doFrame(AndroidUiDispatcher.android.kt:69)
03-05 23:27:53.346 11922 11922 E AndroidRuntime: 	at android.view.Choreographer$CallbackRecord.run(Choreographer.java:1628)
03-05 23:27:53.346 11922 11922 E AndroidRuntime: 	at android.view.Choreographer$CallbackRecord.run(Choreographer.java:1639)
03-05 23:27:53.346 11922 11922 E AndroidRuntime: 	at android.view.Choreographer.doCallbacks(Choreographer.java:1235)
03-05 23:27:53.346 11922 11922 E AndroidRuntime: 	at android.view.Choreographer.doFrame(Choreographer.java:1160)
03-05 23:27:53.346 11922 11922 E AndroidRuntime: 	at android.view.Choreographer$FrameDisplayEventReceiver.run(Choreographer.java:1613)
03-05 23:27:53.346 11922 11922 E AndroidRuntime: 	at android.os.Handler.handleCallback(Handler.java:1070)
03-05 23:27:53.346 11922 11922 E AndroidRuntime: 	at android.os.Handler.dispatchMessage(Handler.java:125)
03-05 23:27:53.346 11922 11922 E AndroidRuntime: 	at android.os.Looper.dispatchMessage(Looper.java:333)
03-05 23:27:53.346 11922 11922 E AndroidRuntime: 	at android.os.Looper.loopOnce(Looper.java:263)
03-05 23:27:53.346 11922 11922 E AndroidRuntime: 	at android.os.Looper.loop(Looper.java:367)
03-05 23:27:53.347 11922 11922 E AndroidRuntime: 	at android.app.ActivityThread.main(ActivityThread.java:9287)
03-05 23:27:53.347 11922 11922 E AndroidRuntime: 	at java.lang.reflect.Method.invoke(Native Method)
03-05 23:27:53.347 11922 11922 E AndroidRuntime: 	at com.android.internal.os.RuntimeInit$MethodAndArgsCaller.run(RuntimeInit.java:566)
03-05 23:27:53.347 11922 11922 E AndroidRuntime: 	at com.android.internal.os.ZygoteInit.main(ZygoteInit.java:929)
03-05 23:27:53.347 11922 11922 E AndroidRuntime: 	Suppressed: kotlinx.coroutines.internal.DiagnosticCoroutineContextException: [androidx.compose.runtime.PausableMonotonicFrameClock@5542cb2, androidx.compose.ui.platform.MotionDurationScaleImpl@e217403, StandaloneCoroutine{Cancelling}@2e97f80, AndroidUiDispatcher@f4479b9]
03-05 23:28:24.304 12002 12002 E AndroidRuntime: FATAL EXCEPTION: main
03-05 23:28:24.304 12002 12002 E AndroidRuntime: Process: com.omniagent.app, PID: 12002
03-05 23:28:24.304 12002 12002 E AndroidRuntime: java.lang.NoSuchMethodError: No virtual method at(Ljava/lang/Object;I)Landroidx/compose/animation/core/KeyframesSpec$KeyframeEntity; in class Landroidx/compose/animation/core/KeyframesSpec$KeyframesSpecConfig; or its super classes (declaration of 'androidx.compose.animation.core.KeyframesSpec$KeyframesSpecConfig' appears in /data/app/~~cVDItnsrz9DUJc4-W1gTfw==/com.omniagent.app-jvkMum6JxluLv0FbT7n3Cg==/base.apk)
03-05 23:28:24.304 12002 12002 E AndroidRuntime: 	at androidx.compose.material3.ProgressIndicatorKt$CircularProgressIndicator$endAngle$1.invoke(ProgressIndicator.kt:371)
03-05 23:28:24.304 12002 12002 E AndroidRuntime: 	at androidx.compose.material3.ProgressIndicatorKt$CircularProgressIndicator$endAngle$1.invoke(ProgressIndicator.kt:369)
03-05 23:28:24.304 12002 12002 E AndroidRuntime: 	at androidx.compose.animation.core.AnimationSpecKt.keyframes(AnimationSpec.kt:649)
03-05 23:28:24.304 12002 12002 E AndroidRuntime: 	at androidx.compose.material3.ProgressIndicatorKt.CircularProgressIndicator-LxG7B9w(ProgressIndicator.kt:369)
03-05 23:28:24.304 12002 12002 E AndroidRuntime: 	at com.omniagent.app.ui.common.DashboardComponentsKt$CommandInputPanel$1$1$3.invoke(DashboardComponents.kt:146)
03-05 23:28:24.304 12002 12002 E AndroidRuntime: 	at com.omniagent.app.ui.common.DashboardComponentsKt$CommandInputPanel$1$1$3.invoke(DashboardComponents.kt:144)
03-05 23:28:24.304 12002 12002 E AndroidRuntime: 	at androidx.compose.runtime.internal.ComposableLambdaImpl.invoke(ComposableLambda.jvm.kt:109)
03-05 23:28:24.304 12002 12002 E AndroidRuntime: 	at androidx.compose.runtime.internal.ComposableLambdaImpl.invoke(ComposableLambda.jvm.kt:35)
03-05 23:28:24.304 12002 12002 E AndroidRuntime: 	at androidx.compose.runtime.CompositionLocalKt.CompositionLocalProvider(CompositionLocal.kt:228)
03-05 23:28:24.304 12002 12002 E AndroidRuntime: 	at androidx.compose.material3.IconButtonKt.IconButton(IconButton.kt:101)
03-05 23:28:24.304 12002 12002 E AndroidRuntime: 	at com.omniagent.app.ui.common.DashboardComponentsKt.CommandInputPanel(DashboardComponents.kt:133)
03-05 23:28:24.304 12002 12002 E AndroidRuntime: 	at com.omniagent.app.ui.features.dashboard.DashboardScreenKt.DashboardScreen(DashboardScreen.kt:71)
03-05 23:28:24.304 12002 12002 E AndroidRuntime: 	at com.omniagent.app.MainActivity$onCreate$1$1.invoke(MainActivity.kt:64)
03-05 23:28:24.304 12002 12002 E AndroidRuntime: 	at com.omniagent.app.MainActivity$onCreate$1$1.invoke(MainActivity.kt:32)
03-05 23:28:24.304 12002 12002 E AndroidRuntime: 	at androidx.compose.runtime.internal.ComposableLambdaImpl.invoke(ComposableLambda.jvm.kt:109)
03-05 23:28:24.304 12002 12002 E AndroidRuntime: 	at androidx.compose.runtime.internal.ComposableLambdaImpl.invoke(ComposableLambda.jvm.kt:35)
03-05 23:28:24.304 12002 12002 E AndroidRuntime: 	at androidx.compose.runtime.RecomposeScopeImpl.compose(RecomposeScopeImpl.kt:192)
03-05 23:28:24.304 12002 12002 E AndroidRuntime: 	at androidx.compose.runtime.ComposerImpl.recomposeToGroupEnd(Composer.kt:2556)
03-05 23:28:24.304 12002 12002 E AndroidRuntime: 	at androidx.compose.runtime.ComposerImpl.skipCurrentGroup(Composer.kt:2827)
03-05 23:28:24.304 12002 12002 E AndroidRuntime: 	at androidx.compose.runtime.ComposerImpl.doCompose(Composer.kt:3314)
03-05 23:28:24.304 12002 12002 E AndroidRuntime: 	at androidx.compose.runtime.ComposerImpl.recompose$runtime_release(Composer.kt:3265)
03-05 23:28:24.304 12002 12002 E AndroidRuntime: 	at androidx.compose.runtime.CompositionImpl.recompose(Composition.kt:938)
03-05 23:28:24.304 12002 12002 E AndroidRuntime: 	at androidx.compose.runtime.Recomposer.performRecompose(Recomposer.kt:1155)
03-05 23:28:24.304 12002 12002 E AndroidRuntime: 	at androidx.compose.runtime.Recomposer.access$performRecompose(Recomposer.kt:127)
03-05 23:28:24.304 12002 12002 E AndroidRuntime: 	at androidx.compose.runtime.Recomposer$runRecomposeAndApplyChanges$2$1.invoke(Recomposer.kt:583)
03-05 23:28:24.304 12002 12002 E AndroidRuntime: 	at androidx.compose.runtime.Recomposer$runRecomposeAndApplyChanges$2$1.invoke(Recomposer.kt:551)
03-05 23:28:24.304 12002 12002 E AndroidRuntime: 	at androidx.compose.ui.platform.AndroidUiFrameClock$withFrameNanos$2$callback$1.doFrame(AndroidUiFrameClock.android.kt:41)
03-05 23:28:24.304 12002 12002 E AndroidRuntime: 	at androidx.compose.ui.platform.AndroidUiDispatcher.performFrameDispatch(AndroidUiDispatcher.android.kt:109)
03-05 23:28:24.304 12002 12002 E AndroidRuntime: 	at androidx.compose.ui.platform.AndroidUiDispatcher.access$performFrameDispatch(AndroidUiDispatcher.android.kt:41)
03-05 23:28:24.304 12002 12002 E AndroidRuntime: 	at androidx.compose.ui.platform.AndroidUiDispatcher$dispatchCallback$1.doFrame(AndroidUiDispatcher.android.kt:69)
03-05 23:28:24.304 12002 12002 E AndroidRuntime: 	at android.view.Choreographer$CallbackRecord.run(Choreographer.java:1628)
03-05 23:28:24.304 12002 12002 E AndroidRuntime: 	at android.view.Choreographer$CallbackRecord.run(Choreographer.java:1639)
03-05 23:28:24.304 12002 12002 E AndroidRuntime: 	at android.view.Choreographer.doCallbacks(Choreographer.java:1235)
03-05 23:28:24.304 12002 12002 E AndroidRuntime: 	at android.view.Choreographer.doFrame(Choreographer.java:1160)
03-05 23:28:24.304 12002 12002 E AndroidRuntime: 	at android.view.Choreographer$FrameDisplayEventReceiver.run(Choreographer.java:1613)
03-05 23:28:24.304 12002 12002 E AndroidRuntime: 	at android.os.Handler.handleCallback(Handler.java:1070)
03-05 23:28:24.304 12002 12002 E AndroidRuntime: 	at android.os.Handler.dispatchMessage(Handler.java:125)
03-05 23:28:24.304 12002 12002 E AndroidRuntime: 	at android.os.Looper.dispatchMessage(Looper.java:333)
03-05 23:28:24.304 12002 12002 E AndroidRuntime: 	at android.os.Looper.loopOnce(Looper.java:263)
03-05 23:28:24.304 12002 12002 E AndroidRuntime: 	at android.os.Looper.loop(Looper.java:367)
03-05 23:28:24.306 12002 12002 E AndroidRuntime: 	at android.app.ActivityThread.main(ActivityThread.java:9287)
03-05 23:28:24.306 12002 12002 E AndroidRuntime: 	at java.lang.reflect.Method.invoke(Native Method)
03-05 23:28:24.306 12002 12002 E AndroidRuntime: 	at com.android.internal.os.RuntimeInit$MethodAndArgsCaller.run(RuntimeInit.java:566)
03-05 23:28:24.306 12002 12002 E AndroidRuntime: 	at com.android.internal.os.ZygoteInit.main(ZygoteInit.java:929)
03-05 23:28:24.306 12002 12002 E AndroidRuntime: 	Suppressed: kotlinx.coroutines.internal.DiagnosticCoroutineContextException: [androidx.compose.runtime.PausableMonotonicFrameClock@23bcc78, androidx.compose.ui.platform.MotionDurationScaleImpl@892cf51, StandaloneCoroutine{Cancelling}@b5323b6, AndroidUiDispatcher@c0bd8b7]
